This file contains any messages produced by compilers while
running configure, to aid debugging if configure makes a mistake.

It was created by jinamp configure 0.3.0.2, which was
generated by GNU Autoconf 2.52.  Invocation command line was

  $ ./configure 

## ---------- ##
## Platform.  ##
## ---------- ##

hostname = marvin
uname -m = i686
uname -r = 2.4.17
uname -s = Linux
uname -v = #1 Fri Dec 21 22:43:48 PST 2001

/usr/bin/uname -p = unknown
/bin/uname -X     = unknown

/bin/arch              = i686
/usr/bin/arch -k       = unknown
/usr/convex/getsysinfo = unknown
hostinfo               = unknown
/bin/machine           = unknown
/usr/bin/oslevel       = unknown
/bin/universe          = unknown

PATH = /home/bruce/bin:/usr/local/bin:/usr/bin:/bin:/usr/bin/X11:/usr/games

## ------------ ##
## Core tests.  ##
## ------------ ##

configure:970: PATH=".;."; conftest.sh
./configure: conftest.sh: command not found
configure:973: $? = 127
configure:1019: checking for a BSD compatible install
configure:1068: result: /usr/bin/install -c
configure:1079: checking whether build environment is sane
configure:1122: result: yes
configure:1155: checking for mawk
configure:1170: found /usr/bin/mawk
configure:1178: result: mawk
configure:1188: checking whether make sets ${MAKE}
configure:1208: result: yes
configure:1342: checking for gcc
configure:1357: found /usr/bin/gcc
configure:1365: result: gcc
configure:1593: checking for C compiler version
configure:1596: gcc --version </dev/null >&5
2.95.4
configure:1599: $? = 0
configure:1601: gcc -v </dev/null >&5
Reading specs from /usr/lib/gcc-lib/i386-linux/2.95.4/specs
gcc version 2.95.4 20011223 (Debian prerelease)
configure:1604: $? = 0
configure:1606: gcc -V </dev/null >&5
gcc: argument to `-V' is missing
configure:1609: $? = 1
configure:1629: checking for C compiler default output
configure:1632: gcc    conftest.c  >&5
configure:1635: $? = 0
configure:1664: result: a.out
configure:1669: checking whether the C compiler works
configure:1675: ./a.out
configure:1678: $? = 0
configure:1693: result: yes
configure:1700: checking whether we are cross compiling
configure:1702: result: no
configure:1705: checking for executable suffix
configure:1707: gcc -o conftest    conftest.c  >&5
configure:1710: $? = 0
configure:1732: result: 
configure:1738: checking for object suffix
configure:1756: gcc -c   conftest.c >&5
configure:1759: $? = 0
configure:1778: result: o
configure:1782: checking whether we are using the GNU C compiler
configure:1803: gcc -c   conftest.c >&5
configure:1806: $? = 0
configure:1809: test -s conftest.o
configure:1812: $? = 0
configure:1824: result: yes
configure:1830: checking whether gcc accepts -g
configure:1848: gcc -c -g  conftest.c >&5
configure:1851: $? = 0
configure:1854: test -s conftest.o
configure:1857: $? = 0
configure:1867: result: yes
configure:1894: gcc -c -g -O2  conftest.c >&5
conftest.c:2: parse error before `me'
configure:1897: $? = 1
configure: failed program was:
#ifndef __cplusplus
  choke me
#endif
configure:2003: checking for style of include used by make
configure:2030: result: GNU
configure:2036: checking dependency style of gcc
configure:2098: result: gcc
configure:2114: checking for a BSD compatible install
configure:2163: result: /usr/bin/install -c
configure:2178: checking for flex
configure:2193: found /usr/bin/flex
configure:2201: result: flex
configure:2216: checking for flex
configure:2239: result: flex
configure:2252: checking for yywrap in -lfl
configure:2279: gcc -o conftest -g -O2   conftest.c -lfl   >&5
configure:2282: $? = 0
configure:2285: test -s conftest
configure:2288: $? = 0
configure:2299: result: yes
configure:2362: checking lex output file root
configure:2381: result: lex.yy
configure:2385: checking whether yytext is a pointer
configure:2401: gcc -o conftest -g -O2   conftest.c  -lfl >&5
configure:2404: $? = 0
configure:2407: test -s conftest
configure:2410: $? = 0
configure:2422: result: yes
configure:2438: checking for bison
configure:2453: found /usr/bin/bison
configure:2461: result: bison -y
configure:2477: checking how to run the C preprocessor
configure:2503: gcc -E  conftest.c
configure:2509: $? = 0
configure:2536: gcc -E  conftest.c
configure:2533: ac_nonexistent.h: No such file or directory
configure:2542: $? = 1
configure: failed program was:
#line 2532 "configure"
#include "confdefs.h"
#include <ac_nonexistent.h>
configure:2579: result: gcc -E
configure:2594: gcc -E  conftest.c
configure:2600: $? = 0
configure:2627: gcc -E  conftest.c
configure:2624: ac_nonexistent.h: No such file or directory
configure:2633: $? = 1
configure: failed program was:
#line 2623 "configure"
#include "confdefs.h"
#include <ac_nonexistent.h>
configure:2672: checking for ANSI C header files
configure:2686: gcc -E  conftest.c
configure:2692: $? = 0
configure:2779: gcc -o conftest -g -O2   conftest.c  >&5
configure:2782: $? = 0
configure:2784: ./conftest
configure:2787: $? = 0
configure:2800: result: yes
configure:2810: checking for sys/wait.h that is POSIX.1 compatible
configure:2838: gcc -c -g -O2  conftest.c >&5
configure:2841: $? = 0
configure:2844: test -s conftest.o
configure:2847: $? = 0
configure:2857: result: yes
configure:2870: checking for dirent.h that defines DIR
configure:2891: gcc -c -g -O2  conftest.c >&5
configure:2894: $? = 0
configure:2897: test -s conftest.o
configure:2900: $? = 0
configure:2910: result: yes
configure:2923: checking for opendir in -ldir
configure:2950: gcc -o conftest -g -O2   conftest.c -ldir   >&5
/usr/bin/ld: cannot find -ldir
collect2: ld returned 1 exit status
configure:2953: $? = 1
configure: failed program was:
#line 2931 "configure"
#include "confdefs.h"

/* Override any gcc2 internal prototype to avoid an error.  */
#ifdef __cplusplus
extern "C"
#endif
/* We use char because int might match the return type of a gcc2
   builtin and then its argument prototype would still apply.  */
char opendir ();
int
main ()
{
opendir ();
  ;
  return 0;
}
configure:2970: result: no
configure:3035: checking for sys/resource.h
configure:3045: gcc -E  conftest.c
configure:3051: $? = 0
configure:3070: result: yes
configure:3035: checking for limits.h
configure:3045: gcc -E  conftest.c
configure:3051: $? = 0
configure:3070: result: yes
configure:3035: checking for regex.h
configure:3045: gcc -E  conftest.c
configure:3051: $? = 0
configure:3070: result: yes
configure:3086: checking for sys/types.h
configure:3098: gcc -c -g -O2  conftest.c >&5
configure:3101: $? = 0
configure:3104: test -s conftest.o
configure:3107: $? = 0
configure:3117: result: yes
configure:3086: checking for sys/stat.h
configure:3098: gcc -c -g -O2  conftest.c >&5
configure:3101: $? = 0
configure:3104: test -s conftest.o
configure:3107: $? = 0
configure:3117: result: yes
configure:3086: checking for stdlib.h
configure:3098: gcc -c -g -O2  conftest.c >&5
configure:3101: $? = 0
configure:3104: test -s conftest.o
configure:3107: $? = 0
configure:3117: result: yes
configure:3086: checking for string.h
configure:3098: gcc -c -g -O2  conftest.c >&5
configure:3101: $? = 0
configure:3104: test -s conftest.o
configure:3107: $? = 0
configure:3117: result: yes
configure:3086: checking for memory.h
configure:3098: gcc -c -g -O2  conftest.c >&5
configure:3101: $? = 0
configure:3104: test -s conftest.o
configure:3107: $? = 0
configure:3117: result: yes
configure:3086: checking for strings.h
configure:3098: gcc -c -g -O2  conftest.c >&5
configure:3101: $? = 0
configure:3104: test -s conftest.o
configure:3107: $? = 0
configure:3117: result: yes
configure:3086: checking for inttypes.h
configure:3098: gcc -c -g -O2  conftest.c >&5
configure:3101: $? = 0
configure:3104: test -s conftest.o
configure:3107: $? = 0
configure:3117: result: yes
configure:3086: checking for stdint.h
configure:3098: gcc -c -g -O2  conftest.c >&5
configure:3101: $? = 0
configure:3104: test -s conftest.o
configure:3107: $? = 0
configure:3117: result: yes
configure:3086: checking for unistd.h
configure:3098: gcc -c -g -O2  conftest.c >&5
configure:3101: $? = 0
configure:3104: test -s conftest.o
configure:3107: $? = 0
configure:3117: result: yes
configure:3127: checking for pid_t
configure:3148: gcc -c -g -O2  conftest.c >&5
configure:3151: $? = 0
configure:3154: test -s conftest.o
configure:3157: $? = 0
configure:3167: result: yes
configure:3179: checking for size_t
configure:3200: gcc -c -g -O2  conftest.c >&5
configure:3203: $? = 0
configure:3206: test -s conftest.o
configure:3209: $? = 0
configure:3219: result: yes
configure:3231: checking for gcc option to accept ANSI C
configure:3288: gcc  -c -g -O2  conftest.c >&5
configure:3291: $? = 0
configure:3294: test -s conftest.o
configure:3297: $? = 0
configure:3314: result: none needed
configure:3322: checking for an ANSI C-conforming const
configure:3386: gcc -c -g -O2  conftest.c >&5
configure:3389: $? = 0
configure:3392: test -s conftest.o
configure:3395: $? = 0
configure:3405: result: yes
configure:3418: checking for unistd.h
configure:3453: result: yes
configure:3418: checking for vfork.h
configure:3428: gcc -E  conftest.c
configure:3425: vfork.h: No such file or directory
configure:3434: $? = 1
configure: failed program was:
#line 3424 "configure"
#include "confdefs.h"
#include <vfork.h>
configure:3453: result: no
configure:3466: checking for fork
configure:3503: gcc -o conftest -g -O2   conftest.c  >&5
configure:3506: $? = 0
configure:3509: test -s conftest
configure:3512: $? = 0
configure:3522: result: yes
configure:3466: checking for vfork
configure:3503: gcc -o conftest -g -O2   conftest.c  >&5
configure:3506: $? = 0
configure:3509: test -s conftest
configure:3512: $? = 0
configure:3522: result: yes
configure:3534: checking for working fork
configure:3577: result: yes
configure:3596: checking for working vfork
configure:3722: result: yes
configure:3756: checking for stdlib.h
configure:3791: result: yes
configure:3801: checking for working malloc
configure:3827: gcc -o conftest -g -O2   conftest.c  >&5
configure:3830: $? = 0
configure:3832: ./conftest
configure:3835: $? = 0
configure:3847: result: yes
configure:3860: checking for vprintf
configure:3897: gcc -o conftest -g -O2   conftest.c  >&5
configure:3900: $? = 0
configure:3903: test -s conftest
configure:3906: $? = 0
configure:3916: result: yes
configure:3923: checking for _doprnt
configure:3960: gcc -o conftest -g -O2   conftest.c  >&5
/tmp/cc3X8nSD.o: In function `main':
/home/bruce/devel/jinamp-0.3/configure:3951: undefined reference to `_doprnt'
collect2: ld returned 1 exit status
configure:3963: $? = 1
configure: failed program was:
#line 3929 "configure"
#include "confdefs.h"
/* System header to define __stub macros and hopefully few prototypes,
    which can conflict with char _doprnt (); below.  */
#include <assert.h>
/* Override any gcc2 internal prototype to avoid an error.  */
#ifdef __cplusplus
extern "C"
#endif
/* We use char because int might match the return type of a gcc2
   builtin and then its argument prototype would still apply.  */
char _doprnt ();
char (*f) ();

int
main ()
{
/* The GNU C library defines this for functions which it implements
    to always fail with ENOSYS.  Some functions are actually named
    something starting with __ and the normal name is an alias.  */
#if defined (__stub__doprnt) || defined (__stub____doprnt)
choke me
#else
f = _doprnt;
#endif

  ;
  return 0;
}
configure:3979: result: no
configure:3992: checking return type of signal handlers
configure:4020: gcc -c -g -O2  conftest.c >&5
configure:4023: $? = 0
configure:4026: test -s conftest.o
configure:4029: $? = 0
configure:4039: result: void
configure:4046: checking whether lstat dereferences a symlink specified with a trailing slash
configure:4074: gcc -o conftest -g -O2   conftest.c  >&5
configure:4077: $? = 0
configure:4079: ./conftest
configure:4082: $? = 0
configure:4101: result: yes
configure:4114: checking whether stat accepts an empty string
configure:4136: gcc -o conftest -g -O2   conftest.c  >&5
configure:4139: $? = 0
configure:4141: ./conftest
configure:4144: $? = 1
configure: program exited with status 1
configure: failed program was:
#line 4123 "configure"
#include "confdefs.h"
#include <stdio.h>
#if HAVE_SYS_TYPES_H
# include <sys/types.h>
#endif
#if HAVE_SYS_STAT_H
# include <sys/stat.h>
#endif
#if STDC_HEADERS
# include <stdlib.h>
# include <stddef.h>
#else
# if HAVE_STDLIB_H
#  include <stdlib.h>
# endif
#endif
#if HAVE_STRING_H
# if !STDC_HEADERS && HAVE_MEMORY_H
#  include <memory.h>
# endif
# include <string.h>
#endif
#if HAVE_STRINGS_H
# include <strings.h>
#endif
#if HAVE_INTTYPES_H
# include <inttypes.h>
#else
# if HAVE_STDINT_H
#  include <stdint.h>
# endif
#endif
#if HAVE_UNISTD_H
# include <unistd.h>
#endif
int
main ()
{
struct stat sbuf;
  exit (stat ("", &sbuf) ? 1 : 0);
  ;
  return 0;
}
configure:4156: result: no
configure:4170: checking for setpriority
configure:4207: gcc -o conftest -g -O2   conftest.c  >&5
configure:4210: $? = 0
configure:4213: test -s conftest
configure:4216: $? = 0
configure:4226: result: yes
configure:4170: checking for pathconf
configure:4207: gcc -o conftest -g -O2   conftest.c  >&5
configure:4210: $? = 0
configure:4213: test -s conftest
configure:4216: $? = 0
configure:4226: result: yes
configure:4170: checking for strtol
configure:4207: gcc -o conftest -g -O2   conftest.c  >&5
configure:4210: $? = 0
configure:4213: test -s conftest
configure:4216: $? = 0
configure:4226: result: yes
configure:4170: checking for realpath
configure:4207: gcc -o conftest -g -O2   conftest.c  >&5
configure:4210: $? = 0
configure:4213: test -s conftest
configure:4216: $? = 0
configure:4226: result: yes
configure:4170: checking for getopt_long
configure:4207: gcc -o conftest -g -O2   conftest.c  >&5
configure:4210: $? = 0
configure:4213: test -s conftest
configure:4216: $? = 0
configure:4226: result: yes
configure:4170: checking for regcomp
configure:4207: gcc -o conftest -g -O2   conftest.c  >&5
configure:4210: $? = 0
configure:4213: test -s conftest
configure:4216: $? = 0
configure:4226: result: yes
configure:4379: creating ./config.status

## ----------------------- ##
## Running config.status.  ##
## ----------------------- ##

This file was extended by config.status (jinamp 0.3.0.2) 2.52, executed with
  CONFIG_FILES    = 
  CONFIG_HEADERS  = 
  CONFIG_LINKS    = 
  CONFIG_COMMANDS = 
  > ./config.status 
on marvin

config.status:4858: creating Makefile
config.status:4950: creating config.h

## ----------------- ##
## Cache variables.  ##
## ----------------- ##

ac_cv_c_compiler_gnu=yes
ac_cv_c_const=yes
ac_cv_env_CC_set=
ac_cv_env_CC_value=
ac_cv_env_CFLAGS_set=
ac_cv_env_CFLAGS_value=
ac_cv_env_CPPFLAGS_set=
ac_cv_env_CPPFLAGS_value=
ac_cv_env_CPP_set=
ac_cv_env_CPP_value=
ac_cv_env_LDFLAGS_set=
ac_cv_env_LDFLAGS_value=
ac_cv_env_build_alias_set=
ac_cv_env_build_alias_value=
ac_cv_env_host_alias_set=
ac_cv_env_host_alias_value=
ac_cv_env_target_alias_set=
ac_cv_env_target_alias_value=
ac_cv_func__doprnt=no
ac_cv_func_fork=yes
ac_cv_func_fork_works=yes
ac_cv_func_getopt_long=yes
ac_cv_func_lstat_dereferences_slashed_symlink=yes
ac_cv_func_malloc_works=yes
ac_cv_func_pathconf=yes
ac_cv_func_realpath=yes
ac_cv_func_regcomp=yes
ac_cv_func_setpriority=yes
ac_cv_func_stat_empty_string_bug=no
ac_cv_func_strtol=yes
ac_cv_func_vfork=yes
ac_cv_func_vfork_works=yes
ac_cv_func_vprintf=yes
ac_cv_header_dirent_dirent_h=yes
ac_cv_header_inttypes_h=yes
ac_cv_header_limits_h=yes
ac_cv_header_memory_h=yes
ac_cv_header_regex_h=yes
ac_cv_header_stdc=yes
ac_cv_header_stdint_h=yes
ac_cv_header_stdlib_h=yes
ac_cv_header_string_h=yes
ac_cv_header_strings_h=yes
ac_cv_header_sys_resource_h=yes
ac_cv_header_sys_stat_h=yes
ac_cv_header_sys_types_h=yes
ac_cv_header_sys_wait_h=yes
ac_cv_header_unistd_h=yes
ac_cv_header_vfork_h=no
ac_cv_lib_dir_opendir=no
ac_cv_lib_fl_yywrap=yes
ac_cv_objext=o
ac_cv_path_install='/usr/bin/install -c'
ac_cv_prog_AWK=mawk
ac_cv_prog_CPP='gcc -E'
ac_cv_prog_LEX=flex
ac_cv_prog_YACC='bison -y'
ac_cv_prog_ac_ct_CC=gcc
ac_cv_prog_cc_g=yes
ac_cv_prog_cc_stdc=
ac_cv_prog_lex_root=lex.yy
ac_cv_prog_lex_yytext_pointer=yes
ac_cv_prog_make_make_set=yes
ac_cv_type_pid_t=yes
ac_cv_type_signal=void
ac_cv_type_size_t=yes
am_cv_CC_dependencies_compiler_type=gcc

## ------------ ##
## confdefs.h.  ##
## ------------ ##

#define PACKAGE "jinamp"
#define VERSION "0.3.0.2"
#define YYTEXT_POINTER 1
#define STDC_HEADERS 1
#define HAVE_SYS_WAIT_H 1
#define HAVE_DIRENT_H 1
#define HAVE_SYS_RESOURCE_H 1
#define HAVE_LIMITS_H 1
#define HAVE_REGEX_H 1
#define HAVE_SYS_TYPES_H 1
#define HAVE_SYS_STAT_H 1
#define HAVE_STDLIB_H 1
#define HAVE_STRING_H 1
#define HAVE_MEMORY_H 1
#define HAVE_STRINGS_H 1
#define HAVE_INTTYPES_H 1
#define HAVE_STDINT_H 1
#define HAVE_UNISTD_H 1
#define HAVE_UNISTD_H 1
#define HAVE_FORK 1
#define HAVE_VFORK 1
#define HAVE_WORKING_VFORK 1
#define HAVE_WORKING_FORK 1
#define HAVE_STDLIB_H 1
#define HAVE_MALLOC 1
#define HAVE_VPRINTF 1
#define RETSIGTYPE void
#define LSTAT_FOLLOWS_SLASHED_SYMLINK 1
#define HAVE_SETPRIORITY 1
#define HAVE_PATHCONF 1
#define HAVE_STRTOL 1
#define HAVE_REALPATH 1
#define HAVE_GETOPT_LONG 1
#define HAVE_REGCOMP 1


configure: exit 0
